{"name": "Проверка изменения счетчика \"Выполнено за все время\" после создания заказа", "status": "broken", "statusDetails": {"message": "selenium.common.exceptions.MoveTargetOutOfBoundsException: Message: Move target (793, 1252) is out of bounds of viewport dimensions (1908, 989)\nStacktrace:\nRemoteError@chrome://remote/content/shared/RemoteError.sys.mjs:8:8\nWebDriverError@chrome://remote/content/shared/webdriver/Errors.sys.mjs:189:5\nMoveTargetOutOfBoundsError@chrome://remote/content/shared/webdriver/Errors.sys.mjs:475:5\nassertInViewPort@chrome://remote/content/shared/webdriver/Actions.sys.mjs:2307:11\ndispatch@chrome://remote/content/shared/webdriver/Actions.sys.mjs:1093:21\ndispatch/pendingEvents<@chrome://remote/content/shared/webdriver/Actions.sys.mjs:1976:14\ndispatch@chrome://remote/content/shared/webdriver/Actions.sys.mjs:1975:39\ndispatch/chainEvents<@chrome://remote/content/shared/webdriver/Actions.sys.mjs:1890:27\ndispatch@chrome://remote/content/shared/webdriver/Actions.sys.mjs:1892:7\nperformActions@chrome://remote/content/marionette/actors/MarionetteCommandsChild.sys.mjs:503:23\nreceiveMessage@chrome://remote/content/marionette/actors/MarionetteCommandsChild.sys.mjs:143:31", "trace": "self = <tests.test_orders_page.TestOrderListPage object at 0x0000010C659222D0>, driver = <selenium.webdriver.firefox.webdriver.WebDriver (session=\"25c59535-b3b1-4ecb-91cb-b7a2289c1aac\")>, login = None\n\n    @allure.title('Проверка изменения счетчика \"Выполнено за все время\" после создания заказа')\n    def test_change_total_orders_number(self, driver, login):\n    \n        main_page = MainPage(driver)\n        main_page.find_my_element(MainPageLocators.BUN)\n        header_page = HeaderPage(driver)\n        header_page.click_orders_list_button()\n        feed_page = OrdersPage(driver)\n        feed_page.wait_until_element_visibility(OrdersPageLocators.ORDERS_LIST_TITLE)\n        total_number = feed_page.get_total_orders_number()\n        header_page.click_constructor_button()\n        main_page.wait_until_element_visibility(MainPageLocators.CREATE_BURGER)\n>       main_page.create_order()\n\ntests\\test_orders_page.py:78: \n_ _ _ _ _ _ _ _ _ _ _ _ _ _ _ _ _ _ _ _ _ _ _ _ _ _ _ _ _ _ _ _ _ _ _ _ _ _ _ _ _ _ _ _ _ _ _ _ _ _ _ _ _ _ _ _ _ _ _ _ _ _ _ _ _ _ _ _ _ _ _ _ _ _ _ _ _ _ _ _ _ _ _ _ _ _ _ _ _ _ _ _ _ _ _ _ _ _ _ _ _ _ _ _ _ _ _ _ _ _ _ _ _ _\npages\\main_page.py:55: in create_order\n    self.drag_and_drop_element(MainPageLocators.FILLING_FILE, MainPageLocators.ORDER_BASKET)\npages\\base_page.py:71: in drag_and_drop_element\n    ActionChains(self.driver).drag_and_drop(element_from, element_to).perform()\n..\\..\\..\\AppData\\Local\\Programs\\Python\\Python312\\Lib\\site-packages\\selenium\\webdriver\\common\\action_chains.py:94: in perform\n    self.w3c_actions.perform()\n..\\..\\..\\AppData\\Local\\Programs\\Python\\Python312\\Lib\\site-packages\\selenium\\webdriver\\common\\actions\\action_builder.py:96: in perform\n    self.driver.execute(Command.W3C_ACTIONS, enc)\n..\\..\\..\\AppData\\Local\\Programs\\Python\\Python312\\Lib\\site-packages\\selenium\\webdriver\\remote\\webdriver.py:347: in execute\n    self.error_handler.check_response(response)\n_ _ _ _ _ _ _ _ _ _ _ _ _ _ _ _ _ _ _ _ _ _ _ _ _ _ _ _ _ _ _ _ _ _ _ _ _ _ _ _ _ _ _ _ _ _ _ _ _ _ _ _ _ _ _ _ _ _ _ _ _ _ _ _ _ _ _ _ _ _ _ _ _ _ _ _ _ _ _ _ _ _ _ _ _ _ _ _ _ _ _ _ _ _ _ _ _ _ _ _ _ _ _ _ _ _ _ _ _ _ _ _ _ _\n\nself = <selenium.webdriver.remote.errorhandler.ErrorHandler object at 0x0000010C659572C0>\nresponse = {'status': 500, 'value': '{\"value\":{\"error\":\"move target out of bounds\",\"message\":\"Move target (793, 1252) is out of b...ys.mjs:503:23\\\\nreceiveMessage@chrome://remote/content/marionette/actors/MarionetteCommandsChild.sys.mjs:143:31\\\\n\"}}'}\n\n    def check_response(self, response: Dict[str, Any]) -> None:\n        \"\"\"Checks that a JSON response from the WebDriver does not have an\n        error.\n    \n        :Args:\n         - response - The JSON response from the WebDriver server as a dictionary\n           object.\n    \n        :Raises: If the response contains an error message.\n        \"\"\"\n        status = response.get(\"status\", None)\n        if not status or status == ErrorCode.SUCCESS:\n            return\n        value = None\n        message = response.get(\"message\", \"\")\n        screen: str = response.get(\"screen\", \"\")\n        stacktrace = None\n        if isinstance(status, int):\n            value_json = response.get(\"value\", None)\n            if value_json and isinstance(value_json, str):\n                import json\n    \n                try:\n                    value = json.loads(value_json)\n                    if len(value) == 1:\n                        value = value[\"value\"]\n                    status = value.get(\"error\", None)\n                    if not status:\n                        status = value.get(\"status\", ErrorCode.UNKNOWN_ERROR)\n                        message = value.get(\"value\") or value.get(\"message\")\n                        if not isinstance(message, str):\n                            value = message\n                            message = message.get(\"message\")\n                    else:\n                        message = value.get(\"message\", None)\n                except ValueError:\n                    pass\n    \n        exception_class: Type[WebDriverException]\n        e = ErrorCode()\n        error_codes = [item for item in dir(e) if not item.startswith(\"__\")]\n        for error_code in error_codes:\n            error_info = getattr(ErrorCode, error_code)\n            if isinstance(error_info, list) and status in error_info:\n                exception_class = getattr(ExceptionMapping, error_code, WebDriverException)\n                break\n        else:\n            exception_class = WebDriverException\n    \n        if not value:\n            value = response[\"value\"]\n        if isinstance(value, str):\n            raise exception_class(value)\n        if message == \"\" and \"message\" in value:\n            message = value[\"message\"]\n    \n        screen = None  # type: ignore[assignment]\n        if \"screen\" in value:\n            screen = value[\"screen\"]\n    \n        stacktrace = None\n        st_value = value.get(\"stackTrace\") or value.get(\"stacktrace\")\n        if st_value:\n            if isinstance(st_value, str):\n                stacktrace = st_value.split(\"\\n\")\n            else:\n                stacktrace = []\n                try:\n                    for frame in st_value:\n                        line = frame.get(\"lineNumber\", \"\")\n                        file = frame.get(\"fileName\", \"<anonymous>\")\n                        if line:\n                            file = f\"{file}:{line}\"\n                        meth = frame.get(\"methodName\", \"<anonymous>\")\n                        if \"className\" in frame:\n                            meth = f\"{frame['className']}.{meth}\"\n                        msg = \"    at %s (%s)\"\n                        msg = msg % (meth, file)\n                        stacktrace.append(msg)\n                except TypeError:\n                    pass\n        if exception_class == UnexpectedAlertPresentException:\n            alert_text = None\n            if \"data\" in value:\n                alert_text = value[\"data\"].get(\"text\")\n            elif \"alert\" in value:\n                alert_text = value[\"alert\"].get(\"text\")\n            raise exception_class(message, screen, stacktrace, alert_text)  # type: ignore[call-arg]  # mypy is not smart enough here\n>       raise exception_class(message, screen, stacktrace)\nE       selenium.common.exceptions.MoveTargetOutOfBoundsException: Message: Move target (793, 1252) is out of bounds of viewport dimensions (1908, 989)\nE       Stacktrace:\nE       RemoteError@chrome://remote/content/shared/RemoteError.sys.mjs:8:8\nE       WebDriverError@chrome://remote/content/shared/webdriver/Errors.sys.mjs:189:5\nE       MoveTargetOutOfBoundsError@chrome://remote/content/shared/webdriver/Errors.sys.mjs:475:5\nE       assertInViewPort@chrome://remote/content/shared/webdriver/Actions.sys.mjs:2307:11\nE       dispatch@chrome://remote/content/shared/webdriver/Actions.sys.mjs:1093:21\nE       dispatch/pendingEvents<@chrome://remote/content/shared/webdriver/Actions.sys.mjs:1976:14\nE       dispatch@chrome://remote/content/shared/webdriver/Actions.sys.mjs:1975:39\nE       dispatch/chainEvents<@chrome://remote/content/shared/webdriver/Actions.sys.mjs:1890:27\nE       dispatch@chrome://remote/content/shared/webdriver/Actions.sys.mjs:1892:7\nE       performActions@chrome://remote/content/marionette/actors/MarionetteCommandsChild.sys.mjs:503:23\nE       receiveMessage@chrome://remote/content/marionette/actors/MarionetteCommandsChild.sys.mjs:143:31\n\n..\\..\\..\\AppData\\Local\\Programs\\Python\\Python312\\Lib\\site-packages\\selenium\\webdriver\\remote\\errorhandler.py:229: MoveTargetOutOfBoundsException"}, "steps": [{"name": "Найти элемент на странице", "status": "passed", "parameters": [{"name": "locator", "value": "('xpath', '//*[@href=\"/ingredient/61c0c5a71d1f82001bdaaa6c\"]')"}], "start": 1703973545215, "stop": 1703973545221}, {"name": "Переход на страницу Лента заказов", "status": "passed", "steps": [{"name": "Переместиться до элемента и кликнуть", "status": "passed", "parameters": [{"name": "locator", "value": "('xpath', '//p[text()=\"Лента Заказов\"]/parent::a')"}], "start": 1703973545221, "stop": 1703973545495}, {"name": "Дождаться видимости элемента", "status": "passed", "parameters": [{"name": "locator", "value": "('xpath', '//h1[text()=\"Лента заказов\"]')"}], "start": 1703973545495, "stop": 1703973546003}], "start": 1703973545221, "stop": 1703973546003}, {"name": "Дождаться видимости элемента", "status": "passed", "parameters": [{"name": "locator", "value": "('xpath', '//h1[text()=\"Лента заказов\"]')"}], "start": 1703973546003, "stop": 1703973546009}, {"name": "Получаем общее количество заказов, выполненных за все время", "status": "passed", "steps": [{"name": "Получить текст элемента", "status": "passed", "parameters": [{"name": "locator", "value": "('xpath', '//p[text()=\"Выполнено за все время:\"]/following-sibling::p[contains(@class,\"digits-large\")]')"}], "start": 1703973546009, "stop": 1703973546012}], "start": 1703973546009, "stop": 1703973546012}, {"name": "Переход в \"Конструктор\"", "status": "passed", "steps": [{"name": "Кликнуть на элемент, когда он видимый", "status": "passed", "parameters": [{"name": "locator", "value": "('xpath', '//p[text()=\"Конструктор\"]/parent::a')"}], "start": 1703973546012, "stop": 1703973546231}], "start": 1703973546012, "stop": 1703973546231}, {"name": "Дождаться видимости элемента", "status": "passed", "parameters": [{"name": "locator", "value": "('xpath', '//h1[text()=\"Соберите бургер\"]')"}], "start": 1703973546231, "stop": 1703973546237}, {"name": "Создаем заказ и получаем его номер", "status": "broken", "statusDetails": {"message": "selenium.common.exceptions.MoveTargetOutOfBoundsException: Message: Move target (793, 1252) is out of bounds of viewport dimensions (1908, 989)\nStacktrace:\nRemoteError@chrome://remote/content/shared/RemoteError.sys.mjs:8:8\nWebDriverError@chrome://remote/content/shared/webdriver/Errors.sys.mjs:189:5\nMoveTargetOutOfBoundsError@chrome://remote/content/shared/webdriver/Errors.sys.mjs:475:5\nassertInViewPort@chrome://remote/content/shared/webdriver/Actions.sys.mjs:2307:11\ndispatch@chrome://remote/content/shared/webdriver/Actions.sys.mjs:1093:21\ndispatch/pendingEvents<@chrome://remote/content/shared/webdriver/Actions.sys.mjs:1976:14\ndispatch@chrome://remote/content/shared/webdriver/Actions.sys.mjs:1975:39\ndispatch/chainEvents<@chrome://remote/content/shared/webdriver/Actions.sys.mjs:1890:27\ndispatch@chrome://remote/content/shared/webdriver/Actions.sys.mjs:1892:7\nperformActions@chrome://remote/content/marionette/actors/MarionetteCommandsChild.sys.mjs:503:23\nreceiveMessage@chrome://remote/content/marionette/actors/MarionetteCommandsChild.sys.mjs:143:31\n\n", "trace": "  File \"C:\\Users\\TesT\\AppData\\Local\\Programs\\Python\\Python312\\Lib\\site-packages\\allure_commons\\_allure.py\", line 192, in impl\n    return func(*a, **kw)\n           ^^^^^^^^^^^^^^\n  File \"C:\\Users\\TesT\\Desktop\\Diplom\\Diplom_3\\pages\\main_page.py\", line 55, in create_order\n    self.drag_and_drop_element(MainPageLocators.FILLING_FILE, MainPageLocators.ORDER_BASKET)\n  File \"C:\\Users\\TesT\\Desktop\\Diplom\\Diplom_3\\pages\\base_page.py\", line 71, in drag_and_drop_element\n    ActionChains(self.driver).drag_and_drop(element_from, element_to).perform()\n  File \"C:\\Users\\TesT\\AppData\\Local\\Programs\\Python\\Python312\\Lib\\site-packages\\selenium\\webdriver\\common\\action_chains.py\", line 94, in perform\n    self.w3c_actions.perform()\n  File \"C:\\Users\\TesT\\AppData\\Local\\Programs\\Python\\Python312\\Lib\\site-packages\\selenium\\webdriver\\common\\actions\\action_builder.py\", line 96, in perform\n    self.driver.execute(Command.W3C_ACTIONS, enc)\n  File \"C:\\Users\\TesT\\AppData\\Local\\Programs\\Python\\Python312\\Lib\\site-packages\\selenium\\webdriver\\remote\\webdriver.py\", line 347, in execute\n    self.error_handler.check_response(response)\n  File \"C:\\Users\\TesT\\AppData\\Local\\Programs\\Python\\Python312\\Lib\\site-packages\\selenium\\webdriver\\remote\\errorhandler.py\", line 229, in check_response\n    raise exception_class(message, screen, stacktrace)\n"}, "steps": [{"name": "Дождаться видимости элемента", "status": "passed", "parameters": [{"name": "locator", "value": "('xpath', '//*[@href=\"/ingredient/61c0c5a71d1f82001bdaaa6c\"]')"}], "start": 1703973546237, "stop": 1703973546244}], "start": 1703973546237, "stop": 1703973546781}], "parameters": [{"name": "driver", "value": "'firefox'"}], "start": 1703973545215, "stop": 1703973546782, "uuid": "e3e6ebef-2596-4492-9024-fc2835c13d79", "historyId": "08e5789a4e7421961dba3d895cb65790", "testCaseId": "7e4b93115fea8bad9a0ad9dd5df25730", "fullName": "tests.test_orders_page.TestOrderListPage#test_change_total_orders_number", "labels": [{"name": "parentSuite", "value": "tests"}, {"name": "suite", "value": "test_orders_page"}, {"name": "subSuite", "value": "TestOrderListPage"}, {"name": "host", "value": "Ya"}, {"name": "thread", "value": "33476-MainThread"}, {"name": "framework", "value": "pytest"}, {"name": "language", "value": "cpython3"}, {"name": "package", "value": "tests.test_orders_page"}]}